<?xml version="1.0" encoding="UTF-8"?>
<!-- Generated by org.testng.reporters.JUnitXMLReporter -->
<testsuite ignored="0" hostname="DESKTOP-GN463A7" failures="0" tests="4" name="Test" time="59.14" errors="0" timestamp="2023-12-29T12:57:26 PKT">
  <testcase classname="Lecture10.Project10.Signup" name="signup" time="11.003"/>
  <testcase classname="Lecture10.Project10.Login" name="signup" time="6.879"/>
  <testcase classname="Lecture10.Project10.Dashboard" name="signup" time="20.36"/>
  <testcase classname="Lecture10.Project10.Checkout" name="signup" time="20.805"/>
</testsuite> <!-- Test -->
