<?xml version="1.0" encoding="UTF-8"?>
<testng-results ignored="0" total="4" passed="4" failed="0" skipped="0">
  <reporter-output>
  </reporter-output>
  <suite started-at="2023-12-29T12:56:27 PKT" name="Suite" finished-at="2023-12-29T12:57:26 PKT" duration-ms="59140">
    <groups>
    </groups>
    <test started-at="2023-12-29T12:56:27 PKT" name="Test" finished-at="2023-12-29T12:57:26 PKT" duration-ms="59140">
      <class name="Lecture10.Project10.Dashboard">
        <test-method signature="signup()[pri:3, instance:Lecture10.Project10.Dashboard@41e36e46]" started-at="2023-12-29T12:56:45 PKT" name="signup" finished-at="2023-12-29T12:57:06 PKT" duration-ms="20360" status="PASS">
          <reporter-output>
          </reporter-output>
        </test-method> <!-- signup -->
      </class> <!-- Lecture10.Project10.Dashboard -->
      <class name="Lecture10.Project10.Login">
        <test-method signature="signup()[pri:2, instance:Lecture10.Project10.Login@76508ed1]" started-at="2023-12-29T12:56:38 PKT" name="signup" finished-at="2023-12-29T12:56:45 PKT" duration-ms="6879" status="PASS">
          <reporter-output>
          </reporter-output>
        </test-method> <!-- signup -->
      </class> <!-- Lecture10.Project10.Login -->
      <class name="Lecture10.Project10.Signup">
        <test-method signature="signup()[pri:1, instance:Lecture10.Project10.Signup@3f197a46]" started-at="2023-12-29T12:56:27 PKT" name="signup" finished-at="2023-12-29T12:56:38 PKT" duration-ms="11003" status="PASS">
          <reporter-output>
          </reporter-output>
        </test-method> <!-- signup -->
      </class> <!-- Lecture10.Project10.Signup -->
      <class name="Lecture10.Project10.Checkout">
        <test-method signature="signup()[pri:4, instance:Lecture10.Project10.Checkout@15c43bd9]" started-at="2023-12-29T12:57:06 PKT" name="signup" finished-at="2023-12-29T12:57:26 PKT" duration-ms="20805" status="PASS">
          <reporter-output>
          </reporter-output>
        </test-method> <!-- signup -->
      </class> <!-- Lecture10.Project10.Checkout -->
    </test> <!-- Test -->
  </suite> <!-- Suite -->
</testng-results>
